{"/Users/MyLord/code/Kevin-Timsiline/backend/src/config/cloudinary.ts": {"path":"/Users/MyLord/code/Kevin-Timsiline/backend/src/config/cloudinary.ts","all":true,"statementMap":{"0":{"start":{"line":1,"column":0},"end":{"line":1,"column":46}},"2":{"start":{"line":3,"column":0},"end":{"line":3,"column":19}},"3":{"start":{"line":4,"column":0},"end":{"line":4,"column":48}},"4":{"start":{"line":5,"column":0},"end":{"line":5,"column":42}},"5":{"start":{"line":6,"column":0},"end":{"line":6,"column":48}},"6":{"start":{"line":7,"column":0},"end":{"line":7,"column":3}},"8":{"start":{"line":9,"column":0},"end":{"line":9,"column":26}}},"s":{"0":0,"2":0,"3":0,"4":0,"5":0,"6":0,"8":0},"branchMap":{"0":{"type":"branch","line":1,"loc":{"start":{"line":1,"column":0},"end":{"line":9,"column":-32}},"locations":[{"start":{"line":1,"column":0},"end":{"line":9,"column":-32}}]}},"b":{"0":[0]},"fnMap":{"0":{"name":"(empty-report)","decl":{"start":{"line":1,"column":0},"end":{"line":9,"column":-32}},"loc":{"start":{"line":1,"column":0},"end":{"line":9,"column":-32}},"line":1}},"f":{"0":0}}
,"/Users/MyLord/code/Kevin-Timsiline/backend/src/controllers/authController.ts": {"path":"/Users/MyLord/code/Kevin-Timsiline/backend/src/controllers/authController.ts","all":false,"statementMap":{"0":{"start":{"line":1,"column":0},"end":{"line":1,"column":44}},"15":{"start":{"line":16,"column":0},"end":{"line":16,"column":76}},"16":{"start":{"line":17,"column":0},"end":{"line":17,"column":7}},"17":{"start":{"line":18,"column":0},"end":{"line":18,"column":41}},"20":{"start":{"line":21,"column":0},"end":{"line":21,"column":91}},"21":{"start":{"line":22,"column":0},"end":{"line":22,"column":28}},"22":{"start":{"line":23,"column":0},"end":{"line":23,"column":23}},"23":{"start":{"line":24,"column":0},"end":{"line":24,"column":50}},"24":{"start":{"line":25,"column":0},"end":{"line":25,"column":9}},"25":{"start":{"line":26,"column":0},"end":{"line":26,"column":13}},"26":{"start":{"line":27,"column":0},"end":{"line":27,"column":5}},"29":{"start":{"line":30,"column":0},"end":{"line":30,"column":55}},"32":{"start":{"line":33,"column":0},"end":{"line":33,"column":52}},"33":{"start":{"line":34,"column":0},"end":{"line":34,"column":44}},"34":{"start":{"line":35,"column":0},"end":{"line":35,"column":28}},"35":{"start":{"line":36,"column":0},"end":{"line":36,"column":23}},"36":{"start":{"line":37,"column":0},"end":{"line":37,"column":39}},"37":{"start":{"line":38,"column":0},"end":{"line":38,"column":9}},"38":{"start":{"line":39,"column":0},"end":{"line":39,"column":13}},"39":{"start":{"line":40,"column":0},"end":{"line":40,"column":5}},"42":{"start":{"line":43,"column":0},"end":{"line":43,"column":66}},"43":{"start":{"line":44,"column":0},"end":{"line":44,"column":38}},"44":{"start":{"line":45,"column":0},"end":{"line":45,"column":28}},"45":{"start":{"line":46,"column":0},"end":{"line":46,"column":23}},"46":{"start":{"line":47,"column":0},"end":{"line":47,"column":40}},"47":{"start":{"line":48,"column":0},"end":{"line":48,"column":9}},"48":{"start":{"line":49,"column":0},"end":{"line":49,"column":13}},"49":{"start":{"line":50,"column":0},"end":{"line":50,"column":5}},"52":{"start":{"line":53,"column":0},"end":{"line":53,"column":55}},"53":{"start":{"line":54,"column":0},"end":{"line":54,"column":40}},"54":{"start":{"line":55,"column":0},"end":{"line":55,"column":7}},"56":{"start":{"line":57,"column":0},"end":{"line":57,"column":23}},"57":{"start":{"line":58,"column":0},"end":{"line":58,"column":28}},"58":{"start":{"line":59,"column":0},"end":{"line":59,"column":23}},"59":{"start":{"line":60,"column":0},"end":{"line":60,"column":54}},"60":{"start":{"line":61,"column":0},"end":{"line":61,"column":9}},"61":{"start":{"line":62,"column":0},"end":{"line":62,"column":13}},"62":{"start":{"line":63,"column":0},"end":{"line":63,"column":5}},"65":{"start":{"line":66,"column":0},"end":{"line":66,"column":56}},"68":{"start":{"line":69,"column":0},"end":{"line":69,"column":43}},"69":{"start":{"line":70,"column":0},"end":{"line":70,"column":13}},"70":{"start":{"line":71,"column":0},"end":{"line":71,"column":31}},"71":{"start":{"line":72,"column":0},"end":{"line":72,"column":33}},"72":{"start":{"line":73,"column":0},"end":{"line":73,"column":8}},"73":{"start":{"line":74,"column":0},"end":{"line":74,"column":15}},"74":{"start":{"line":75,"column":0},"end":{"line":75,"column":17}},"75":{"start":{"line":76,"column":0},"end":{"line":76,"column":20}},"76":{"start":{"line":77,"column":0},"end":{"line":77,"column":24}},"77":{"start":{"line":78,"column":0},"end":{"line":78,"column":8}},"78":{"start":{"line":79,"column":0},"end":{"line":79,"column":7}},"81":{"start":{"line":82,"column":0},"end":{"line":82,"column":53}},"84":{"start":{"line":85,"column":0},"end":{"line":85,"column":34}},"86":{"start":{"line":87,"column":0},"end":{"line":87,"column":26}},"87":{"start":{"line":88,"column":0},"end":{"line":88,"column":20}},"88":{"start":{"line":89,"column":0},"end":{"line":89,"column":47}},"89":{"start":{"line":90,"column":0},"end":{"line":90,"column":13}},"90":{"start":{"line":91,"column":0},"end":{"line":91,"column":20}},"91":{"start":{"line":92,"column":0},"end":{"line":92,"column":26}},"92":{"start":{"line":93,"column":0},"end":{"line":93,"column":34}},"93":{"start":{"line":94,"column":0},"end":{"line":94,"column":8}},"94":{"start":{"line":95,"column":0},"end":{"line":95,"column":7}},"95":{"start":{"line":96,"column":0},"end":{"line":96,"column":19}},"96":{"start":{"line":97,"column":0},"end":{"line":97,"column":48}},"99":{"start":{"line":100,"column":0},"end":{"line":100,"column":90}},"100":{"start":{"line":101,"column":0},"end":{"line":101,"column":28}},"101":{"start":{"line":102,"column":0},"end":{"line":102,"column":23}},"102":{"start":{"line":103,"column":0},"end":{"line":103,"column":54}},"103":{"start":{"line":104,"column":0},"end":{"line":104,"column":9}},"104":{"start":{"line":105,"column":0},"end":{"line":105,"column":13}},"105":{"start":{"line":106,"column":0},"end":{"line":106,"column":5}},"107":{"start":{"line":108,"column":0},"end":{"line":108,"column":26}},"108":{"start":{"line":109,"column":0},"end":{"line":109,"column":21}},"109":{"start":{"line":110,"column":0},"end":{"line":110,"column":54}},"110":{"start":{"line":111,"column":0},"end":{"line":111,"column":7}},"111":{"start":{"line":112,"column":0},"end":{"line":112,"column":3}},"112":{"start":{"line":113,"column":0},"end":{"line":113,"column":1}},"118":{"start":{"line":119,"column":0},"end":{"line":119,"column":73}},"119":{"start":{"line":120,"column":0},"end":{"line":120,"column":7}},"120":{"start":{"line":121,"column":0},"end":{"line":121,"column":41}},"123":{"start":{"line":124,"column":0},"end":{"line":124,"column":91}},"124":{"start":{"line":125,"column":0},"end":{"line":125,"column":28}},"125":{"start":{"line":126,"column":0},"end":{"line":126,"column":23}},"126":{"start":{"line":127,"column":0},"end":{"line":127,"column":50}},"127":{"start":{"line":128,"column":0},"end":{"line":128,"column":9}},"128":{"start":{"line":129,"column":0},"end":{"line":129,"column":13}},"129":{"start":{"line":130,"column":0},"end":{"line":130,"column":5}},"132":{"start":{"line":133,"column":0},"end":{"line":133,"column":55}},"135":{"start":{"line":136,"column":0},"end":{"line":136,"column":47}},"136":{"start":{"line":137,"column":0},"end":{"line":137,"column":40}},"137":{"start":{"line":138,"column":0},"end":{"line":138,"column":7}},"139":{"start":{"line":140,"column":0},"end":{"line":140,"column":16}},"140":{"start":{"line":141,"column":0},"end":{"line":141,"column":28}},"141":{"start":{"line":142,"column":0},"end":{"line":142,"column":23}},"142":{"start":{"line":143,"column":0},"end":{"line":143,"column":44}},"143":{"start":{"line":144,"column":0},"end":{"line":144,"column":9}},"144":{"start":{"line":145,"column":0},"end":{"line":145,"column":13}},"145":{"start":{"line":146,"column":0},"end":{"line":146,"column":5}},"148":{"start":{"line":149,"column":0},"end":{"line":149,"column":74}},"150":{"start":{"line":151,"column":0},"end":{"line":151,"column":27}},"151":{"start":{"line":152,"column":0},"end":{"line":152,"column":28}},"152":{"start":{"line":153,"column":0},"end":{"line":153,"column":23}},"153":{"start":{"line":154,"column":0},"end":{"line":154,"column":44}},"154":{"start":{"line":155,"column":0},"end":{"line":155,"column":9}},"155":{"start":{"line":156,"column":0},"end":{"line":156,"column":13}},"156":{"start":{"line":157,"column":0},"end":{"line":157,"column":5}},"159":{"start":{"line":160,"column":0},"end":{"line":160,"column":53}},"162":{"start":{"line":163,"column":0},"end":{"line":163,"column":34}},"164":{"start":{"line":165,"column":0},"end":{"line":165,"column":26}},"165":{"start":{"line":166,"column":0},"end":{"line":166,"column":20}},"166":{"start":{"line":167,"column":0},"end":{"line":167,"column":35}},"167":{"start":{"line":168,"column":0},"end":{"line":168,"column":13}},"168":{"start":{"line":169,"column":0},"end":{"line":169,"column":20}},"169":{"start":{"line":170,"column":0},"end":{"line":170,"column":26}},"170":{"start":{"line":171,"column":0},"end":{"line":171,"column":34}},"171":{"start":{"line":172,"column":0},"end":{"line":172,"column":8}},"172":{"start":{"line":173,"column":0},"end":{"line":173,"column":7}},"173":{"start":{"line":174,"column":0},"end":{"line":174,"column":19}},"174":{"start":{"line":175,"column":0},"end":{"line":175,"column":41}},"175":{"start":{"line":176,"column":0},"end":{"line":176,"column":26}},"176":{"start":{"line":177,"column":0},"end":{"line":177,"column":21}},"177":{"start":{"line":178,"column":0},"end":{"line":178,"column":47}},"178":{"start":{"line":179,"column":0},"end":{"line":179,"column":7}},"179":{"start":{"line":180,"column":0},"end":{"line":180,"column":3}},"180":{"start":{"line":181,"column":0},"end":{"line":181,"column":1}},"186":{"start":{"line":187,"column":0},"end":{"line":187,"column":74}},"187":{"start":{"line":188,"column":0},"end":{"line":188,"column":7}},"189":{"start":{"line":190,"column":0},"end":{"line":190,"column":26}},"191":{"start":{"line":192,"column":0},"end":{"line":192,"column":26}},"192":{"start":{"line":193,"column":0},"end":{"line":193,"column":20}},"193":{"start":{"line":194,"column":0},"end":{"line":194,"column":36}},"194":{"start":{"line":195,"column":0},"end":{"line":195,"column":7}},"195":{"start":{"line":196,"column":0},"end":{"line":196,"column":19}},"196":{"start":{"line":197,"column":0},"end":{"line":197,"column":42}},"197":{"start":{"line":198,"column":0},"end":{"line":198,"column":26}},"198":{"start":{"line":199,"column":0},"end":{"line":199,"column":21}},"199":{"start":{"line":200,"column":0},"end":{"line":200,"column":48}},"200":{"start":{"line":201,"column":0},"end":{"line":201,"column":7}},"201":{"start":{"line":202,"column":0},"end":{"line":202,"column":3}},"202":{"start":{"line":203,"column":0},"end":{"line":203,"column":1}},"208":{"start":{"line":209,"column":0},"end":{"line":209,"column":37}},"209":{"start":{"line":210,"column":0},"end":{"line":210,"column":19}},"210":{"start":{"line":211,"column":0},"end":{"line":211,"column":15}},"211":{"start":{"line":212,"column":0},"end":{"line":212,"column":18}},"212":{"start":{"line":213,"column":0},"end":{"line":213,"column":7}},"213":{"start":{"line":214,"column":0},"end":{"line":214,"column":20}},"214":{"start":{"line":215,"column":0},"end":{"line":215,"column":28}},"215":{"start":{"line":216,"column":0},"end":{"line":216,"column":23}},"216":{"start":{"line":217,"column":0},"end":{"line":217,"column":36}},"217":{"start":{"line":218,"column":0},"end":{"line":218,"column":9}},"218":{"start":{"line":219,"column":0},"end":{"line":219,"column":13}},"219":{"start":{"line":220,"column":0},"end":{"line":220,"column":5}},"222":{"start":{"line":223,"column":0},"end":{"line":223,"column":47}},"223":{"start":{"line":224,"column":0},"end":{"line":224,"column":33}},"224":{"start":{"line":225,"column":0},"end":{"line":225,"column":15}},"225":{"start":{"line":226,"column":0},"end":{"line":226,"column":17}},"226":{"start":{"line":227,"column":0},"end":{"line":227,"column":20}},"227":{"start":{"line":228,"column":0},"end":{"line":228,"column":24}},"228":{"start":{"line":229,"column":0},"end":{"line":229,"column":24}},"229":{"start":{"line":230,"column":0},"end":{"line":230,"column":8}},"230":{"start":{"line":231,"column":0},"end":{"line":231,"column":7}},"232":{"start":{"line":233,"column":0},"end":{"line":233,"column":16}},"233":{"start":{"line":234,"column":0},"end":{"line":234,"column":28}},"234":{"start":{"line":235,"column":0},"end":{"line":235,"column":23}},"235":{"start":{"line":236,"column":0},"end":{"line":236,"column":33}},"236":{"start":{"line":237,"column":0},"end":{"line":237,"column":9}},"237":{"start":{"line":238,"column":0},"end":{"line":238,"column":13}},"238":{"start":{"line":239,"column":0},"end":{"line":239,"column":5}},"240":{"start":{"line":241,"column":0},"end":{"line":241,"column":26}},"241":{"start":{"line":242,"column":0},"end":{"line":242,"column":20}},"242":{"start":{"line":243,"column":0},"end":{"line":243,"column":11}},"243":{"start":{"line":244,"column":0},"end":{"line":244,"column":7}},"244":{"start":{"line":245,"column":0},"end":{"line":245,"column":19}},"245":{"start":{"line":246,"column":0},"end":{"line":246,"column":52}},"246":{"start":{"line":247,"column":0},"end":{"line":247,"column":26}},"247":{"start":{"line":248,"column":0},"end":{"line":248,"column":21}},"248":{"start":{"line":249,"column":0},"end":{"line":249,"column":59}},"249":{"start":{"line":250,"column":0},"end":{"line":250,"column":7}},"250":{"start":{"line":251,"column":0},"end":{"line":251,"column":3}},"251":{"start":{"line":252,"column":0},"end":{"line":252,"column":1}}},"s":{"0":1,"15":11,"16":11,"17":11,"20":11,"21":2,"22":2,"23":2,"24":2,"25":2,"26":2,"29":9,"32":9,"33":11,"34":1,"35":1,"36":1,"37":1,"38":1,"39":1,"42":8,"43":11,"44":4,"45":4,"46":4,"47":4,"48":4,"49":4,"52":4,"53":4,"54":4,"56":11,"57":1,"58":1,"59":1,"60":1,"61":1,"62":1,"65":3,"68":3,"69":3,"70":3,"71":3,"72":3,"73":3,"74":3,"75":3,"76":3,"77":3,"78":3,"81":3,"84":3,"86":3,"87":3,"88":3,"89":3,"90":3,"91":3,"92":3,"93":3,"94":3,"95":11,"96":0,"99":0,"100":0,"101":0,"102":0,"103":0,"104":0,"105":0,"107":0,"108":0,"109":0,"110":0,"111":0,"112":11,"118":7,"119":7,"120":7,"123":7,"124":2,"125":2,"126":2,"127":2,"128":2,"129":2,"132":5,"135":5,"136":5,"137":5,"139":7,"140":1,"141":1,"142":1,"143":1,"144":1,"145":1,"148":4,"150":7,"151":1,"152":1,"153":1,"154":1,"155":1,"156":1,"159":3,"162":3,"164":3,"165":3,"166":3,"167":3,"168":3,"169":3,"170":3,"171":3,"172":3,"173":7,"174":0,"175":0,"176":0,"177":0,"178":0,"179":0,"180":7,"186":2,"187":2,"189":2,"191":2,"192":2,"193":2,"194":2,"195":2,"196":0,"197":0,"198":0,"199":0,"200":0,"201":0,"202":2,"208":2,"209":2,"210":2,"211":2,"212":2,"213":2,"214":0,"215":0,"216":0,"217":0,"218":0,"219":0,"222":2,"223":2,"224":2,"225":2,"226":2,"227":2,"228":2,"229":2,"230":2,"232":2,"233":1,"234":1,"235":1,"236":1,"237":1,"238":1,"240":1,"241":1,"242":1,"243":1,"244":2,"245":0,"246":0,"247":0,"248":0,"249":0,"250":0,"251":2},"branchMap":{"0":{"type":"branch","line":16,"loc":{"start":{"line":16,"column":0},"end":{"line":113,"column":1}},"locations":[{"start":{"line":16,"column":0},"end":{"line":113,"column":1}}]},"1":{"type":"branch","line":21,"loc":{"start":{"line":21,"column":9},"end":{"line":21,"column":31}},"locations":[{"start":{"line":21,"column":9},"end":{"line":21,"column":31}}]},"2":{"type":"branch","line":21,"loc":{"start":{"line":21,"column":19},"end":{"line":21,"column":60}},"locations":[{"start":{"line":21,"column":19},"end":{"line":21,"column":60}}]},"3":{"type":"branch","line":21,"loc":{"start":{"line":21,"column":48},"end":{"line":21,"column":90}},"locations":[{"start":{"line":21,"column":48},"end":{"line":21,"column":90}}]},"4":{"type":"branch","line":21,"loc":{"start":{"line":21,"column":90},"end":{"line":27,"column":5}},"locations":[{"start":{"line":21,"column":90},"end":{"line":27,"column":5}}]},"5":{"type":"branch","line":27,"loc":{"start":{"line":27,"column":4},"end":{"line":34,"column":43}},"locations":[{"start":{"line":27,"column":4},"end":{"line":34,"column":43}}]},"6":{"type":"branch","line":34,"loc":{"start":{"line":34,"column":43},"end":{"line":40,"column":5}},"locations":[{"start":{"line":34,"column":43},"end":{"line":40,"column":5}}]},"7":{"type":"branch","line":40,"loc":{"start":{"line":40,"column":4},"end":{"line":44,"column":37}},"locations":[{"start":{"line":40,"column":4},"end":{"line":44,"column":37}}]},"8":{"type":"branch","line":44,"loc":{"start":{"line":44,"column":37},"end":{"line":57,"column":22}},"locations":[{"start":{"line":44,"column":37},"end":{"line":57,"column":22}}]},"9":{"type":"branch","line":57,"loc":{"start":{"line":57,"column":22},"end":{"line":63,"column":5}},"locations":[{"start":{"line":57,"column":22},"end":{"line":63,"column":5}}]},"10":{"type":"branch","line":63,"loc":{"start":{"line":63,"column":4},"end":{"line":96,"column":11}},"locations":[{"start":{"line":63,"column":4},"end":{"line":96,"column":11}}]},"11":{"type":"branch","line":96,"loc":{"start":{"line":96,"column":2},"end":{"line":112,"column":3}},"locations":[{"start":{"line":96,"column":2},"end":{"line":112,"column":3}}]},"12":{"type":"branch","line":119,"loc":{"start":{"line":119,"column":0},"end":{"line":181,"column":1}},"locations":[{"start":{"line":119,"column":0},"end":{"line":181,"column":1}}]},"13":{"type":"branch","line":124,"loc":{"start":{"line":124,"column":9},"end":{"line":124,"column":31}},"locations":[{"start":{"line":124,"column":9},"end":{"line":124,"column":31}}]},"14":{"type":"branch","line":124,"loc":{"start":{"line":124,"column":19},"end":{"line":124,"column":60}},"locations":[{"start":{"line":124,"column":19},"end":{"line":124,"column":60}}]},"15":{"type":"branch","line":124,"loc":{"start":{"line":124,"column":48},"end":{"line":124,"column":90}},"locations":[{"start":{"line":124,"column":48},"end":{"line":124,"column":90}}]},"16":{"type":"branch","line":124,"loc":{"start":{"line":124,"column":90},"end":{"line":130,"column":5}},"locations":[{"start":{"line":124,"column":90},"end":{"line":130,"column":5}}]},"17":{"type":"branch","line":130,"loc":{"start":{"line":130,"column":4},"end":{"line":140,"column":15}},"locations":[{"start":{"line":130,"column":4},"end":{"line":140,"column":15}}]},"18":{"type":"branch","line":140,"loc":{"start":{"line":140,"column":15},"end":{"line":146,"column":5}},"locations":[{"start":{"line":140,"column":15},"end":{"line":146,"column":5}}]},"19":{"type":"branch","line":146,"loc":{"start":{"line":146,"column":4},"end":{"line":151,"column":26}},"locations":[{"start":{"line":146,"column":4},"end":{"line":151,"column":26}}]},"20":{"type":"branch","line":151,"loc":{"start":{"line":151,"column":26},"end":{"line":157,"column":5}},"locations":[{"start":{"line":151,"column":26},"end":{"line":157,"column":5}}]},"21":{"type":"branch","line":157,"loc":{"start":{"line":157,"column":4},"end":{"line":174,"column":11}},"locations":[{"start":{"line":157,"column":4},"end":{"line":174,"column":11}}]},"22":{"type":"branch","line":174,"loc":{"start":{"line":174,"column":2},"end":{"line":180,"column":3}},"locations":[{"start":{"line":174,"column":2},"end":{"line":180,"column":3}}]},"23":{"type":"branch","line":187,"loc":{"start":{"line":187,"column":0},"end":{"line":203,"column":1}},"locations":[{"start":{"line":187,"column":0},"end":{"line":203,"column":1}}]},"24":{"type":"branch","line":196,"loc":{"start":{"line":196,"column":2},"end":{"line":202,"column":3}},"locations":[{"start":{"line":196,"column":2},"end":{"line":202,"column":3}}]},"25":{"type":"branch","line":209,"loc":{"start":{"line":209,"column":0},"end":{"line":252,"column":1}},"locations":[{"start":{"line":209,"column":0},"end":{"line":252,"column":1}}]},"26":{"type":"branch","line":214,"loc":{"start":{"line":214,"column":19},"end":{"line":220,"column":5}},"locations":[{"start":{"line":214,"column":19},"end":{"line":220,"column":5}}]},"27":{"type":"branch","line":233,"loc":{"start":{"line":233,"column":15},"end":{"line":245,"column":11}},"locations":[{"start":{"line":233,"column":15},"end":{"line":245,"column":11}}]},"28":{"type":"branch","line":245,"loc":{"start":{"line":245,"column":2},"end":{"line":251,"column":3}},"locations":[{"start":{"line":245,"column":2},"end":{"line":251,"column":3}}]}},"b":{"0":[11],"1":[10],"2":[9],"3":[9],"4":[2],"5":[9],"6":[1],"7":[8],"8":[4],"9":[1],"10":[3],"11":[0],"12":[7],"13":[6],"14":[5],"15":[5],"16":[2],"17":[5],"18":[1],"19":[4],"20":[1],"21":[3],"22":[0],"23":[2],"24":[0],"25":[2],"26":[0],"27":[1],"28":[0]},"fnMap":{"0":{"name":"register","decl":{"start":{"line":16,"column":0},"end":{"line":113,"column":1}},"loc":{"start":{"line":16,"column":0},"end":{"line":113,"column":1}},"line":16},"1":{"name":"login","decl":{"start":{"line":119,"column":0},"end":{"line":181,"column":1}},"loc":{"start":{"line":119,"column":0},"end":{"line":181,"column":1}},"line":119},"2":{"name":"logout","decl":{"start":{"line":187,"column":0},"end":{"line":203,"column":1}},"loc":{"start":{"line":187,"column":0},"end":{"line":203,"column":1}},"line":187},"3":{"name":"getCurrentUser","decl":{"start":{"line":209,"column":0},"end":{"line":252,"column":1}},"loc":{"start":{"line":209,"column":0},"end":{"line":252,"column":1}},"line":209}},"f":{"0":11,"1":7,"2":2,"3":2}}
,"/Users/MyLord/code/Kevin-Timsiline/backend/src/controllers/imageController.ts": {"path":"/Users/MyLord/code/Kevin-Timsiline/backend/src/controllers/imageController.ts","all":false,"statementMap":{"0":{"start":{"line":1,"column":0},"end":{"line":1,"column":35}},"7":{"start":{"line":8,"column":0},"end":{"line":8,"column":54}},"8":{"start":{"line":9,"column":0},"end":{"line":9,"column":33}},"9":{"start":{"line":10,"column":0},"end":{"line":10,"column":28}},"10":{"start":{"line":11,"column":0},"end":{"line":11,"column":23}},"11":{"start":{"line":12,"column":0},"end":{"line":12,"column":21}},"12":{"start":{"line":13,"column":0},"end":{"line":13,"column":17}},"13":{"start":{"line":14,"column":0},"end":{"line":14,"column":2}},"16":{"start":{"line":17,"column":0},"end":{"line":17,"column":71}},"17":{"start":{"line":18,"column":0},"end":{"line":18,"column":6}},"18":{"start":{"line":19,"column":0},"end":{"line":19,"column":18}},"19":{"start":{"line":20,"column":0},"end":{"line":20,"column":62}},"20":{"start":{"line":21,"column":0},"end":{"line":21,"column":3}},"23":{"start":{"line":24,"column":0},"end":{"line":24,"column":18}},"24":{"start":{"line":25,"column":0},"end":{"line":25,"column":69}},"25":{"start":{"line":26,"column":0},"end":{"line":26,"column":3}},"27":{"start":{"line":28,"column":0},"end":{"line":28,"column":29}},"30":{"start":{"line":31,"column":0},"end":{"line":31,"column":63}},"31":{"start":{"line":32,"column":0},"end":{"line":32,"column":58}},"32":{"start":{"line":33,"column":0},"end":{"line":33,"column":5}},"33":{"start":{"line":34,"column":0},"end":{"line":34,"column":27}},"34":{"start":{"line":35,"column":0},"end":{"line":35,"column":28}},"35":{"start":{"line":36,"column":0},"end":{"line":36,"column":6}},"36":{"start":{"line":37,"column":0},"end":{"line":37,"column":24}},"37":{"start":{"line":38,"column":0},"end":{"line":38,"column":30}},"38":{"start":{"line":39,"column":0},"end":{"line":39,"column":26}},"39":{"start":{"line":40,"column":0},"end":{"line":40,"column":5}},"40":{"start":{"line":41,"column":0},"end":{"line":41,"column":5}},"42":{"start":{"line":43,"column":0},"end":{"line":43,"column":55}},"43":{"start":{"line":44,"column":0},"end":{"line":44,"column":5}},"45":{"start":{"line":46,"column":0},"end":{"line":46,"column":47}},"48":{"start":{"line":49,"column":0},"end":{"line":49,"column":43}},"49":{"start":{"line":50,"column":0},"end":{"line":50,"column":10}},"50":{"start":{"line":51,"column":0},"end":{"line":51,"column":19}},"51":{"start":{"line":52,"column":0},"end":{"line":52,"column":36}},"52":{"start":{"line":53,"column":0},"end":{"line":53,"column":43}},"53":{"start":{"line":54,"column":0},"end":{"line":54,"column":45}},"54":{"start":{"line":55,"column":0},"end":{"line":55,"column":28}},"55":{"start":{"line":56,"column":0},"end":{"line":56,"column":32}},"56":{"start":{"line":57,"column":0},"end":{"line":57,"column":5}},"57":{"start":{"line":58,"column":0},"end":{"line":58,"column":5}},"59":{"start":{"line":60,"column":0},"end":{"line":60,"column":24}},"60":{"start":{"line":61,"column":0},"end":{"line":61,"column":42}},"61":{"start":{"line":62,"column":0},"end":{"line":62,"column":9}},"62":{"start":{"line":63,"column":0},"end":{"line":63,"column":5}},"63":{"start":{"line":64,"column":0},"end":{"line":64,"column":18}},"64":{"start":{"line":65,"column":0},"end":{"line":65,"column":40}},"65":{"start":{"line":66,"column":0},"end":{"line":66,"column":60}},"66":{"start":{"line":67,"column":0},"end":{"line":67,"column":2}},"67":{"start":{"line":68,"column":0},"end":{"line":68,"column":2}},"70":{"start":{"line":71,"column":0},"end":{"line":71,"column":73}},"71":{"start":{"line":72,"column":0},"end":{"line":72,"column":6}},"72":{"start":{"line":73,"column":0},"end":{"line":73,"column":18}},"73":{"start":{"line":74,"column":0},"end":{"line":74,"column":69}},"74":{"start":{"line":75,"column":0},"end":{"line":75,"column":3}},"77":{"start":{"line":78,"column":0},"end":{"line":78,"column":46}},"78":{"start":{"line":79,"column":0},"end":{"line":79,"column":34}},"79":{"start":{"line":80,"column":0},"end":{"line":80,"column":35}},"80":{"start":{"line":81,"column":0},"end":{"line":81,"column":5}},"82":{"start":{"line":83,"column":0},"end":{"line":83,"column":35}},"83":{"start":{"line":84,"column":0},"end":{"line":84,"column":18}},"84":{"start":{"line":85,"column":0},"end":{"line":85,"column":44}},"85":{"start":{"line":86,"column":0},"end":{"line":86,"column":60}},"86":{"start":{"line":87,"column":0},"end":{"line":87,"column":2}},"87":{"start":{"line":88,"column":0},"end":{"line":88,"column":2}},"90":{"start":{"line":91,"column":0},"end":{"line":91,"column":72}},"91":{"start":{"line":92,"column":0},"end":{"line":92,"column":6}},"92":{"start":{"line":93,"column":0},"end":{"line":93,"column":18}},"93":{"start":{"line":94,"column":0},"end":{"line":94,"column":69}},"94":{"start":{"line":95,"column":0},"end":{"line":95,"column":3}},"96":{"start":{"line":97,"column":0},"end":{"line":97,"column":28}},"98":{"start":{"line":99,"column":0},"end":{"line":99,"column":47}},"99":{"start":{"line":100,"column":0},"end":{"line":100,"column":17}},"100":{"start":{"line":101,"column":0},"end":{"line":101,"column":13}},"101":{"start":{"line":102,"column":0},"end":{"line":102,"column":11}},"102":{"start":{"line":103,"column":0},"end":{"line":103,"column":14}},"103":{"start":{"line":104,"column":0},"end":{"line":104,"column":15}},"104":{"start":{"line":105,"column":0},"end":{"line":105,"column":18}},"105":{"start":{"line":106,"column":0},"end":{"line":106,"column":7}},"106":{"start":{"line":107,"column":0},"end":{"line":107,"column":6}},"107":{"start":{"line":108,"column":0},"end":{"line":108,"column":5}},"108":{"start":{"line":109,"column":0},"end":{"line":109,"column":5}},"110":{"start":{"line":111,"column":0},"end":{"line":111,"column":15}},"111":{"start":{"line":112,"column":0},"end":{"line":112,"column":61}},"112":{"start":{"line":113,"column":0},"end":{"line":113,"column":3}},"115":{"start":{"line":116,"column":0},"end":{"line":116,"column":37}},"116":{"start":{"line":117,"column":0},"end":{"line":117,"column":87}},"117":{"start":{"line":118,"column":0},"end":{"line":118,"column":3}},"119":{"start":{"line":120,"column":0},"end":{"line":120,"column":34}},"120":{"start":{"line":121,"column":0},"end":{"line":121,"column":18}},"121":{"start":{"line":122,"column":0},"end":{"line":122,"column":43}},"122":{"start":{"line":123,"column":0},"end":{"line":123,"column":59}},"123":{"start":{"line":124,"column":0},"end":{"line":124,"column":2}},"124":{"start":{"line":125,"column":0},"end":{"line":125,"column":2}},"127":{"start":{"line":128,"column":0},"end":{"line":128,"column":71}},"128":{"start":{"line":129,"column":0},"end":{"line":129,"column":6}},"129":{"start":{"line":130,"column":0},"end":{"line":130,"column":18}},"130":{"start":{"line":131,"column":0},"end":{"line":131,"column":69}},"131":{"start":{"line":132,"column":0},"end":{"line":132,"column":3}},"133":{"start":{"line":134,"column":0},"end":{"line":134,"column":28}},"136":{"start":{"line":137,"column":0},"end":{"line":137,"column":47}},"137":{"start":{"line":138,"column":0},"end":{"line":138,"column":17}},"138":{"start":{"line":139,"column":0},"end":{"line":139,"column":5}},"140":{"start":{"line":141,"column":0},"end":{"line":141,"column":15}},"141":{"start":{"line":142,"column":0},"end":{"line":142,"column":61}},"142":{"start":{"line":143,"column":0},"end":{"line":143,"column":3}},"145":{"start":{"line":146,"column":0},"end":{"line":146,"column":37}},"146":{"start":{"line":147,"column":0},"end":{"line":147,"column":87}},"147":{"start":{"line":148,"column":0},"end":{"line":148,"column":3}},"150":{"start":{"line":151,"column":0},"end":{"line":151,"column":56}},"153":{"start":{"line":154,"column":0},"end":{"line":154,"column":29}},"154":{"start":{"line":155,"column":0},"end":{"line":155,"column":17}},"155":{"start":{"line":156,"column":0},"end":{"line":156,"column":5}},"157":{"start":{"line":158,"column":0},"end":{"line":158,"column":66}},"158":{"start":{"line":159,"column":0},"end":{"line":159,"column":18}},"159":{"start":{"line":160,"column":0},"end":{"line":160,"column":46}},"160":{"start":{"line":161,"column":0},"end":{"line":161,"column":60}},"161":{"start":{"line":162,"column":0},"end":{"line":162,"column":2}},"162":{"start":{"line":163,"column":0},"end":{"line":163,"column":2}}},"s":{"0":1,"7":1,"8":3,"9":3,"10":3,"11":3,"12":3,"13":3,"16":1,"17":4,"18":4,"19":1,"20":1,"23":4,"24":0,"25":0,"27":3,"30":3,"31":3,"32":3,"33":3,"34":3,"35":3,"36":3,"37":6,"38":4,"39":6,"40":3,"42":3,"43":3,"45":2,"48":2,"49":2,"50":2,"51":2,"52":2,"53":2,"54":2,"55":2,"56":2,"57":2,"59":1,"60":1,"61":1,"62":1,"63":4,"64":2,"65":2,"66":2,"67":4,"70":1,"71":3,"72":3,"73":0,"74":0,"77":3,"78":3,"79":3,"80":3,"82":2,"83":3,"84":1,"85":1,"86":1,"87":3,"90":1,"91":4,"92":4,"93":0,"94":0,"96":4,"98":4,"99":4,"100":4,"101":4,"102":4,"103":4,"104":4,"105":4,"106":4,"107":4,"108":4,"110":4,"111":1,"112":1,"115":4,"116":1,"117":1,"119":1,"120":1,"121":1,"122":1,"123":1,"124":4,"127":1,"128":5,"129":5,"130":0,"131":0,"133":5,"136":5,"137":5,"138":5,"140":5,"141":1,"142":1,"145":5,"146":1,"147":1,"150":3,"153":2,"154":2,"155":2,"157":1,"158":5,"159":2,"160":2,"161":2,"162":5},"branchMap":{"0":{"type":"branch","line":8,"loc":{"start":{"line":8,"column":23},"end":{"line":14,"column":2}},"locations":[{"start":{"line":8,"column":23},"end":{"line":14,"column":2}}]},"1":{"type":"branch","line":17,"loc":{"start":{"line":17,"column":27},"end":{"line":68,"column":2}},"locations":[{"start":{"line":17,"column":27},"end":{"line":68,"column":2}}]},"2":{"type":"branch","line":19,"loc":{"start":{"line":19,"column":17},"end":{"line":21,"column":3}},"locations":[{"start":{"line":19,"column":17},"end":{"line":21,"column":3}}]},"3":{"type":"branch","line":21,"loc":{"start":{"line":21,"column":2},"end":{"line":24,"column":17}},"locations":[{"start":{"line":21,"column":2},"end":{"line":24,"column":17}}]},"4":{"type":"branch","line":24,"loc":{"start":{"line":24,"column":17},"end":{"line":26,"column":3}},"locations":[{"start":{"line":24,"column":17},"end":{"line":26,"column":3}}]},"5":{"type":"branch","line":26,"loc":{"start":{"line":26,"column":2},"end":{"line":44,"column":5}},"locations":[{"start":{"line":26,"column":2},"end":{"line":44,"column":5}}]},"6":{"type":"branch","line":44,"loc":{"start":{"line":44,"column":3},"end":{"line":58,"column":5}},"locations":[{"start":{"line":44,"column":3},"end":{"line":58,"column":5}}]},"7":{"type":"branch","line":58,"loc":{"start":{"line":58,"column":3},"end":{"line":64,"column":10}},"locations":[{"start":{"line":58,"column":3},"end":{"line":64,"column":10}}]},"8":{"type":"branch","line":64,"loc":{"start":{"line":64,"column":1},"end":{"line":67,"column":2}},"locations":[{"start":{"line":64,"column":1},"end":{"line":67,"column":2}}]},"9":{"type":"branch","line":31,"loc":{"start":{"line":31,"column":41},"end":{"line":44,"column":3}},"locations":[{"start":{"line":31,"column":41},"end":{"line":44,"column":3}}]},"10":{"type":"branch","line":37,"loc":{"start":{"line":37,"column":4},"end":{"line":40,"column":5}},"locations":[{"start":{"line":37,"column":4},"end":{"line":40,"column":5}}]},"11":{"type":"branch","line":38,"loc":{"start":{"line":38,"column":16},"end":{"line":38,"column":30}},"locations":[{"start":{"line":38,"column":16},"end":{"line":38,"column":30}}]},"12":{"type":"branch","line":38,"loc":{"start":{"line":38,"column":28},"end":{"line":39,"column":26}},"locations":[{"start":{"line":38,"column":28},"end":{"line":39,"column":26}}]},"13":{"type":"branch","line":71,"loc":{"start":{"line":71,"column":29},"end":{"line":88,"column":2}},"locations":[{"start":{"line":71,"column":29},"end":{"line":88,"column":2}}]},"14":{"type":"branch","line":73,"loc":{"start":{"line":73,"column":17},"end":{"line":75,"column":3}},"locations":[{"start":{"line":73,"column":17},"end":{"line":75,"column":3}}]},"15":{"type":"branch","line":81,"loc":{"start":{"line":81,"column":3},"end":{"line":84,"column":10}},"locations":[{"start":{"line":81,"column":3},"end":{"line":84,"column":10}}]},"16":{"type":"branch","line":84,"loc":{"start":{"line":84,"column":1},"end":{"line":87,"column":2}},"locations":[{"start":{"line":84,"column":1},"end":{"line":87,"column":2}}]},"17":{"type":"branch","line":91,"loc":{"start":{"line":91,"column":28},"end":{"line":125,"column":2}},"locations":[{"start":{"line":91,"column":28},"end":{"line":125,"column":2}}]},"18":{"type":"branch","line":93,"loc":{"start":{"line":93,"column":17},"end":{"line":95,"column":3}},"locations":[{"start":{"line":93,"column":17},"end":{"line":95,"column":3}}]},"19":{"type":"branch","line":109,"loc":{"start":{"line":109,"column":3},"end":{"line":111,"column":14}},"locations":[{"start":{"line":109,"column":3},"end":{"line":111,"column":14}}]},"20":{"type":"branch","line":111,"loc":{"start":{"line":111,"column":14},"end":{"line":113,"column":3}},"locations":[{"start":{"line":111,"column":14},"end":{"line":113,"column":3}}]},"21":{"type":"branch","line":113,"loc":{"start":{"line":113,"column":2},"end":{"line":116,"column":36}},"locations":[{"start":{"line":113,"column":2},"end":{"line":116,"column":36}}]},"22":{"type":"branch","line":116,"loc":{"start":{"line":116,"column":36},"end":{"line":124,"column":2}},"locations":[{"start":{"line":116,"column":36},"end":{"line":124,"column":2}}]},"23":{"type":"branch","line":128,"loc":{"start":{"line":128,"column":27},"end":{"line":163,"column":2}},"locations":[{"start":{"line":128,"column":27},"end":{"line":163,"column":2}}]},"24":{"type":"branch","line":130,"loc":{"start":{"line":130,"column":17},"end":{"line":132,"column":3}},"locations":[{"start":{"line":130,"column":17},"end":{"line":132,"column":3}}]},"25":{"type":"branch","line":141,"loc":{"start":{"line":141,"column":14},"end":{"line":143,"column":3}},"locations":[{"start":{"line":141,"column":14},"end":{"line":143,"column":3}}]},"26":{"type":"branch","line":143,"loc":{"start":{"line":143,"column":2},"end":{"line":146,"column":36}},"locations":[{"start":{"line":143,"column":2},"end":{"line":146,"column":36}}]},"27":{"type":"branch","line":146,"loc":{"start":{"line":146,"column":36},"end":{"line":148,"column":3}},"locations":[{"start":{"line":146,"column":36},"end":{"line":148,"column":3}}]},"28":{"type":"branch","line":148,"loc":{"start":{"line":148,"column":2},"end":{"line":151,"column":56}},"locations":[{"start":{"line":148,"column":2},"end":{"line":151,"column":56}}]},"29":{"type":"branch","line":151,"loc":{"start":{"line":151,"column":54},"end":{"line":156,"column":5}},"locations":[{"start":{"line":151,"column":54},"end":{"line":156,"column":5}}]},"30":{"type":"branch","line":156,"loc":{"start":{"line":156,"column":3},"end":{"line":159,"column":10}},"locations":[{"start":{"line":156,"column":3},"end":{"line":159,"column":10}}]},"31":{"type":"branch","line":159,"loc":{"start":{"line":159,"column":1},"end":{"line":162,"column":2}},"locations":[{"start":{"line":159,"column":1},"end":{"line":162,"column":2}}]}},"b":{"0":[3],"1":[4],"2":[1],"3":[3],"4":[0],"5":[3],"6":[2],"7":[1],"8":[2],"9":[3],"10":[6],"11":[2],"12":[4],"13":[3],"14":[0],"15":[2],"16":[1],"17":[4],"18":[0],"19":[3],"20":[1],"21":[2],"22":[1],"23":[5],"24":[0],"25":[1],"26":[4],"27":[1],"28":[3],"29":[2],"30":[1],"31":[2]},"fnMap":{"0":{"name":"bufferToStream","decl":{"start":{"line":8,"column":23},"end":{"line":14,"column":2}},"loc":{"start":{"line":8,"column":23},"end":{"line":14,"column":2}},"line":8},"1":{"name":"readable._read","decl":{"start":{"line":10,"column":18},"end":{"line":10,"column":28}},"loc":{"start":{"line":10,"column":18},"end":{"line":10,"column":28}},"line":10},"2":{"name":"uploadImage","decl":{"start":{"line":17,"column":27},"end":{"line":68,"column":2}},"loc":{"start":{"line":17,"column":27},"end":{"line":68,"column":2}},"line":17},"3":{"name":"uploadResult","decl":{"start":{"line":31,"column":41},"end":{"line":44,"column":3}},"loc":{"start":{"line":31,"column":41},"end":{"line":44,"column":3}},"line":31},"4":{"name":"getUserImages","decl":{"start":{"line":71,"column":29},"end":{"line":88,"column":2}},"loc":{"start":{"line":71,"column":29},"end":{"line":88,"column":2}},"line":71},"5":{"name":"getImageById","decl":{"start":{"line":91,"column":28},"end":{"line":125,"column":2}},"loc":{"start":{"line":91,"column":28},"end":{"line":125,"column":2}},"line":91},"6":{"name":"deleteImage","decl":{"start":{"line":128,"column":27},"end":{"line":163,"column":2}},"loc":{"start":{"line":128,"column":27},"end":{"line":163,"column":2}},"line":128}},"f":{"0":3,"1":0,"2":4,"3":3,"4":3,"5":4,"6":5}}
,"/Users/MyLord/code/Kevin-Timsiline/backend/src/lib/db.ts": {"path":"/Users/MyLord/code/Kevin-Timsiline/backend/src/lib/db.ts","all":true,"statementMap":{"0":{"start":{"line":1,"column":0},"end":{"line":1,"column":46}},"2":{"start":{"line":3,"column":0},"end":{"line":3,"column":50}},"6":{"start":{"line":7,"column":0},"end":{"line":7,"column":21}},"7":{"start":{"line":8,"column":0},"end":{"line":8,"column":27}},"8":{"start":{"line":9,"column":0},"end":{"line":9,"column":20}},"9":{"start":{"line":10,"column":0},"end":{"line":10,"column":89}},"10":{"start":{"line":11,"column":0},"end":{"line":11,"column":5}},"12":{"start":{"line":13,"column":0},"end":{"line":13,"column":75}},"14":{"start":{"line":15,"column":0},"end":{"line":15,"column":22}}},"s":{"0":0,"2":0,"6":0,"7":0,"8":0,"9":0,"10":0,"12":0,"14":0},"branchMap":{"0":{"type":"branch","line":1,"loc":{"start":{"line":1,"column":406},"end":{"line":15,"column":22}},"locations":[{"start":{"line":1,"column":406},"end":{"line":15,"column":22}}]}},"b":{"0":[0]},"fnMap":{"0":{"name":"(empty-report)","decl":{"start":{"line":1,"column":406},"end":{"line":15,"column":22}},"loc":{"start":{"line":1,"column":406},"end":{"line":15,"column":22}},"line":1}},"f":{"0":0}}
,"/Users/MyLord/code/Kevin-Timsiline/backend/src/middleware/auth.ts": {"path":"/Users/MyLord/code/Kevin-Timsiline/backend/src/middleware/auth.ts","all":false,"statementMap":{"0":{"start":{"line":1,"column":0},"end":{"line":1,"column":49}},"8":{"start":{"line":9,"column":0},"end":{"line":9,"column":29}},"9":{"start":{"line":10,"column":0},"end":{"line":10,"column":19}},"10":{"start":{"line":11,"column":0},"end":{"line":11,"column":16}},"11":{"start":{"line":12,"column":0},"end":{"line":12,"column":20}},"12":{"start":{"line":13,"column":0},"end":{"line":13,"column":9}},"13":{"start":{"line":14,"column":0},"end":{"line":14,"column":7}},"15":{"start":{"line":16,"column":0},"end":{"line":16,"column":52}},"17":{"start":{"line":18,"column":0},"end":{"line":18,"column":17}},"18":{"start":{"line":19,"column":0},"end":{"line":19,"column":28}},"19":{"start":{"line":20,"column":0},"end":{"line":20,"column":23}},"20":{"start":{"line":21,"column":0},"end":{"line":21,"column":61}},"21":{"start":{"line":22,"column":0},"end":{"line":22,"column":9}},"22":{"start":{"line":23,"column":0},"end":{"line":23,"column":13}},"23":{"start":{"line":24,"column":0},"end":{"line":24,"column":5}},"26":{"start":{"line":27,"column":0},"end":{"line":27,"column":39}},"28":{"start":{"line":29,"column":0},"end":{"line":29,"column":19}},"29":{"start":{"line":30,"column":0},"end":{"line":30,"column":28}},"30":{"start":{"line":31,"column":0},"end":{"line":31,"column":23}},"31":{"start":{"line":32,"column":0},"end":{"line":32,"column":43}},"32":{"start":{"line":33,"column":0},"end":{"line":33,"column":9}},"33":{"start":{"line":34,"column":0},"end":{"line":34,"column":13}},"34":{"start":{"line":35,"column":0},"end":{"line":35,"column":5}},"37":{"start":{"line":38,"column":0},"end":{"line":38,"column":16}},"38":{"start":{"line":39,"column":0},"end":{"line":39,"column":25}},"39":{"start":{"line":40,"column":0},"end":{"line":40,"column":27}},"40":{"start":{"line":41,"column":0},"end":{"line":41,"column":6}},"42":{"start":{"line":43,"column":0},"end":{"line":43,"column":11}},"43":{"start":{"line":44,"column":0},"end":{"line":44,"column":19}},"44":{"start":{"line":45,"column":0},"end":{"line":45,"column":26}},"45":{"start":{"line":46,"column":0},"end":{"line":46,"column":21}},"46":{"start":{"line":47,"column":0},"end":{"line":47,"column":38}},"47":{"start":{"line":48,"column":0},"end":{"line":48,"column":7}},"48":{"start":{"line":49,"column":0},"end":{"line":49,"column":3}},"49":{"start":{"line":50,"column":0},"end":{"line":50,"column":1}}},"s":{"0":1,"8":1,"9":14,"10":14,"11":14,"12":14,"13":14,"15":14,"17":14,"18":4,"19":4,"20":4,"21":4,"22":4,"23":4,"26":9,"28":14,"29":3,"30":3,"31":3,"32":3,"33":3,"34":3,"37":5,"38":5,"39":5,"40":5,"42":5,"43":14,"44":2,"45":2,"46":2,"47":2,"48":2,"49":14},"branchMap":{"0":{"type":"branch","line":9,"loc":{"start":{"line":9,"column":7},"end":{"line":50,"column":1}},"locations":[{"start":{"line":9,"column":7},"end":{"line":50,"column":1}}]},"1":{"type":"branch","line":18,"loc":{"start":{"line":18,"column":16},"end":{"line":24,"column":5}},"locations":[{"start":{"line":18,"column":16},"end":{"line":24,"column":5}}]},"2":{"type":"branch","line":24,"loc":{"start":{"line":24,"column":4},"end":{"line":29,"column":18}},"locations":[{"start":{"line":24,"column":4},"end":{"line":29,"column":18}}]},"3":{"type":"branch","line":29,"loc":{"start":{"line":29,"column":18},"end":{"line":35,"column":5}},"locations":[{"start":{"line":29,"column":18},"end":{"line":35,"column":5}}]},"4":{"type":"branch","line":35,"loc":{"start":{"line":35,"column":4},"end":{"line":44,"column":11}},"locations":[{"start":{"line":35,"column":4},"end":{"line":44,"column":11}}]},"5":{"type":"branch","line":44,"loc":{"start":{"line":44,"column":2},"end":{"line":49,"column":3}},"locations":[{"start":{"line":44,"column":2},"end":{"line":49,"column":3}}]}},"b":{"0":[14],"1":[4],"2":[9],"3":[3],"4":[5],"5":[2]},"fnMap":{"0":{"name":"authenticate","decl":{"start":{"line":9,"column":7},"end":{"line":50,"column":1}},"loc":{"start":{"line":9,"column":7},"end":{"line":50,"column":1}},"line":9}},"f":{"0":14}}
,"/Users/MyLord/code/Kevin-Timsiline/backend/src/middleware/rateLimiter.ts": {"path":"/Users/MyLord/code/Kevin-Timsiline/backend/src/middleware/rateLimiter.ts","all":false,"statementMap":{"0":{"start":{"line":1,"column":0},"end":{"line":1,"column":43}},"7":{"start":{"line":8,"column":0},"end":{"line":8,"column":38}},"8":{"start":{"line":9,"column":0},"end":{"line":9,"column":41}},"9":{"start":{"line":10,"column":0},"end":{"line":10,"column":53}},"10":{"start":{"line":11,"column":0},"end":{"line":11,"column":12}},"11":{"start":{"line":12,"column":0},"end":{"line":12,"column":19}},"12":{"start":{"line":13,"column":0},"end":{"line":13,"column":80}},"13":{"start":{"line":14,"column":0},"end":{"line":14,"column":4}},"14":{"start":{"line":15,"column":0},"end":{"line":15,"column":79}},"15":{"start":{"line":16,"column":0},"end":{"line":16,"column":62}},"16":{"start":{"line":17,"column":0},"end":{"line":17,"column":3}}},"s":{"0":1,"7":1,"8":1,"9":1,"10":1,"11":1,"12":1,"13":1,"14":1,"15":1,"16":1},"branchMap":{},"b":{},"fnMap":{},"f":{}}
,"/Users/MyLord/code/Kevin-Timsiline/backend/src/middleware/upload.ts": {"path":"/Users/MyLord/code/Kevin-Timsiline/backend/src/middleware/upload.ts","all":false,"statementMap":{"0":{"start":{"line":1,"column":0},"end":{"line":1,"column":28}},"4":{"start":{"line":5,"column":0},"end":{"line":5,"column":39}},"7":{"start":{"line":8,"column":0},"end":{"line":8,"column":20}},"8":{"start":{"line":9,"column":0},"end":{"line":9,"column":15}},"9":{"start":{"line":10,"column":0},"end":{"line":10,"column":28}},"10":{"start":{"line":11,"column":0},"end":{"line":11,"column":31}},"11":{"start":{"line":12,"column":0},"end":{"line":12,"column":6}},"13":{"start":{"line":14,"column":0},"end":{"line":14,"column":43}},"14":{"start":{"line":15,"column":0},"end":{"line":15,"column":19}},"15":{"start":{"line":16,"column":0},"end":{"line":16,"column":10}},"16":{"start":{"line":17,"column":0},"end":{"line":17,"column":51}},"17":{"start":{"line":18,"column":0},"end":{"line":18,"column":3}},"18":{"start":{"line":19,"column":0},"end":{"line":19,"column":2}},"21":{"start":{"line":22,"column":0},"end":{"line":22,"column":30}},"22":{"start":{"line":23,"column":0},"end":{"line":23,"column":19}},"23":{"start":{"line":24,"column":0},"end":{"line":24,"column":25}},"24":{"start":{"line":25,"column":0},"end":{"line":25,"column":11}},"25":{"start":{"line":26,"column":0},"end":{"line":26,"column":51}},"26":{"start":{"line":27,"column":0},"end":{"line":27,"column":4}},"27":{"start":{"line":28,"column":0},"end":{"line":28,"column":3}}},"s":{"0":1,"4":1,"7":1,"8":9,"9":9,"10":9,"11":9,"13":9,"14":6,"15":6,"16":3,"17":3,"18":9,"21":1,"22":1,"23":1,"24":1,"25":1,"26":1,"27":1},"branchMap":{"0":{"type":"branch","line":8,"loc":{"start":{"line":8,"column":19},"end":{"line":19,"column":2}},"locations":[{"start":{"line":8,"column":19},"end":{"line":19,"column":2}}]},"1":{"type":"branch","line":14,"loc":{"start":{"line":14,"column":42},"end":{"line":18,"column":3}},"locations":[{"start":{"line":14,"column":42},"end":{"line":18,"column":3}}]},"2":{"type":"branch","line":16,"loc":{"start":{"line":16,"column":2},"end":{"line":18,"column":3}},"locations":[{"start":{"line":16,"column":2},"end":{"line":18,"column":3}}]}},"b":{"0":[9],"1":[6],"2":[3]},"fnMap":{"0":{"name":"fileFilter","decl":{"start":{"line":8,"column":19},"end":{"line":19,"column":2}},"loc":{"start":{"line":8,"column":19},"end":{"line":19,"column":2}},"line":8}},"f":{"0":9}}
,"/Users/MyLord/code/Kevin-Timsiline/backend/src/routes/authRoutes.ts": {"path":"/Users/MyLord/code/Kevin-Timsiline/backend/src/routes/authRoutes.ts","all":false,"statementMap":{"0":{"start":{"line":1,"column":0},"end":{"line":1,"column":33}},"6":{"start":{"line":7,"column":0},"end":{"line":7,"column":39}},"7":{"start":{"line":8,"column":0},"end":{"line":8,"column":50}},"8":{"start":{"line":9,"column":0},"end":{"line":9,"column":56}},"10":{"start":{"line":11,"column":0},"end":{"line":11,"column":24}},"17":{"start":{"line":18,"column":0},"end":{"line":18,"column":48}},"24":{"start":{"line":25,"column":0},"end":{"line":25,"column":42}},"31":{"start":{"line":32,"column":0},"end":{"line":32,"column":31}},"38":{"start":{"line":39,"column":0},"end":{"line":39,"column":48}},"40":{"start":{"line":41,"column":0},"end":{"line":41,"column":22}}},"s":{"0":1,"6":1,"7":1,"8":1,"10":1,"17":1,"24":1,"31":1,"38":1,"40":1},"branchMap":{},"b":{},"fnMap":{},"f":{}}
,"/Users/MyLord/code/Kevin-Timsiline/backend/src/routes/imageRoutes.ts": {"path":"/Users/MyLord/code/Kevin-Timsiline/backend/src/routes/imageRoutes.ts","all":false,"statementMap":{"0":{"start":{"line":1,"column":0},"end":{"line":1,"column":30}},"1":{"start":{"line":2,"column":0},"end":{"line":2,"column":46}},"2":{"start":{"line":3,"column":0},"end":{"line":3,"column":50}},"8":{"start":{"line":9,"column":0},"end":{"line":9,"column":40}},"10":{"start":{"line":11,"column":0},"end":{"line":11,"column":32}},"13":{"start":{"line":14,"column":0},"end":{"line":14,"column":25}},"16":{"start":{"line":17,"column":0},"end":{"line":17,"column":60}},"19":{"start":{"line":20,"column":0},"end":{"line":20,"column":31}},"22":{"start":{"line":23,"column":0},"end":{"line":23,"column":33}},"25":{"start":{"line":26,"column":0},"end":{"line":26,"column":35}},"27":{"start":{"line":28,"column":0},"end":{"line":28,"column":22}}},"s":{"0":1,"1":1,"2":1,"8":1,"10":1,"13":1,"16":1,"19":1,"22":1,"25":1,"27":1},"branchMap":{},"b":{},"fnMap":{},"f":{}}
,"/Users/MyLord/code/Kevin-Timsiline/backend/src/utils/jwt.ts": {"path":"/Users/MyLord/code/Kevin-Timsiline/backend/src/utils/jwt.ts","all":false,"statementMap":{"0":{"start":{"line":1,"column":0},"end":{"line":1,"column":23}},"6":{"start":{"line":7,"column":0},"end":{"line":7,"column":41}},"7":{"start":{"line":8,"column":0},"end":{"line":8,"column":17}},"8":{"start":{"line":9,"column":0},"end":{"line":9,"column":66}},"9":{"start":{"line":10,"column":0},"end":{"line":10,"column":1}},"10":{"start":{"line":11,"column":0},"end":{"line":11,"column":37}},"13":{"start":{"line":14,"column":0},"end":{"line":14,"column":48}},"14":{"start":{"line":15,"column":0},"end":{"line":15,"column":20}},"15":{"start":{"line":16,"column":0},"end":{"line":16,"column":70}},"16":{"start":{"line":17,"column":0},"end":{"line":17,"column":1}},"17":{"start":{"line":18,"column":0},"end":{"line":18,"column":44}},"19":{"start":{"line":20,"column":0},"end":{"line":20,"column":55}},"20":{"start":{"line":21,"column":0},"end":{"line":21,"column":48}},"23":{"start":{"line":24,"column":0},"end":{"line":24,"column":39}},"26":{"start":{"line":27,"column":0},"end":{"line":27,"column":59}},"27":{"start":{"line":28,"column":0},"end":{"line":28,"column":62}},"28":{"start":{"line":29,"column":0},"end":{"line":29,"column":18}},"29":{"start":{"line":30,"column":0},"end":{"line":30,"column":60}},"31":{"start":{"line":32,"column":0},"end":{"line":32,"column":4}},"32":{"start":{"line":33,"column":0},"end":{"line":33,"column":1}},"33":{"start":{"line":34,"column":0},"end":{"line":34,"column":48}},"34":{"start":{"line":35,"column":0},"end":{"line":35,"column":68}},"47":{"start":{"line":48,"column":0},"end":{"line":48,"column":70}},"48":{"start":{"line":49,"column":0},"end":{"line":49,"column":48}},"50":{"start":{"line":51,"column":0},"end":{"line":51,"column":40}},"51":{"start":{"line":52,"column":0},"end":{"line":52,"column":38}},"52":{"start":{"line":53,"column":0},"end":{"line":53,"column":5}},"53":{"start":{"line":54,"column":0},"end":{"line":54,"column":1}},"60":{"start":{"line":61,"column":0},"end":{"line":61,"column":63}},"61":{"start":{"line":62,"column":0},"end":{"line":62,"column":7}},"62":{"start":{"line":63,"column":0},"end":{"line":63,"column":64}},"63":{"start":{"line":64,"column":0},"end":{"line":64,"column":19}},"64":{"start":{"line":65,"column":0},"end":{"line":65,"column":19}},"65":{"start":{"line":66,"column":0},"end":{"line":66,"column":16}},"66":{"start":{"line":67,"column":0},"end":{"line":67,"column":3}},"67":{"start":{"line":68,"column":0},"end":{"line":68,"column":1}},"74":{"start":{"line":75,"column":0},"end":{"line":75,"column":71}},"75":{"start":{"line":76,"column":0},"end":{"line":76,"column":40}},"76":{"start":{"line":77,"column":0},"end":{"line":77,"column":19}},"77":{"start":{"line":78,"column":0},"end":{"line":78,"column":26}},"78":{"start":{"line":79,"column":0},"end":{"line":79,"column":45}},"79":{"start":{"line":80,"column":0},"end":{"line":80,"column":62}},"80":{"start":{"line":81,"column":0},"end":{"line":81,"column":5}},"81":{"start":{"line":82,"column":0},"end":{"line":82,"column":1}},"87":{"start":{"line":88,"column":0},"end":{"line":88,"column":55}},"88":{"start":{"line":89,"column":0},"end":{"line":89,"column":38}},"89":{"start":{"line":90,"column":0},"end":{"line":90,"column":19}},"90":{"start":{"line":91,"column":0},"end":{"line":91,"column":26}},"91":{"start":{"line":92,"column":0},"end":{"line":92,"column":45}},"92":{"start":{"line":93,"column":0},"end":{"line":93,"column":5}},"93":{"start":{"line":94,"column":0},"end":{"line":94,"column":1}},"98":{"start":{"line":99,"column":0},"end":{"line":99,"column":46}},"99":{"start":{"line":100,"column":0},"end":{"line":100,"column":27}},"100":{"start":{"line":101,"column":0},"end":{"line":101,"column":1}}},"s":{"0":1,"6":1,"7":1,"8":0,"9":0,"10":1,"13":1,"14":1,"15":0,"16":0,"17":1,"19":1,"20":1,"23":1,"26":1,"27":1,"28":0,"29":0,"31":0,"32":0,"33":1,"34":1,"47":1,"48":10,"50":10,"51":10,"52":10,"53":10,"60":1,"61":9,"62":9,"63":9,"64":9,"65":7,"66":7,"67":9,"74":1,"75":5,"76":5,"77":5,"78":5,"79":5,"80":5,"81":5,"87":1,"88":3,"89":3,"90":3,"91":3,"92":3,"93":3,"98":1,"99":3,"100":3},"branchMap":{"0":{"type":"branch","line":8,"loc":{"start":{"line":8,"column":16},"end":{"line":10,"column":1}},"locations":[{"start":{"line":8,"column":16},"end":{"line":10,"column":1}}]},"1":{"type":"branch","line":15,"loc":{"start":{"line":15,"column":19},"end":{"line":17,"column":1}},"locations":[{"start":{"line":15,"column":19},"end":{"line":17,"column":1}}]},"2":{"type":"branch","line":20,"loc":{"start":{"line":20,"column":29},"end":{"line":20,"column":55}},"locations":[{"start":{"line":20,"column":29},"end":{"line":20,"column":55}}]},"3":{"type":"branch","line":28,"loc":{"start":{"line":28,"column":61},"end":{"line":33,"column":1}},"locations":[{"start":{"line":28,"column":61},"end":{"line":33,"column":1}}]},"4":{"type":"branch","line":48,"loc":{"start":{"line":48,"column":7},"end":{"line":54,"column":1}},"locations":[{"start":{"line":48,"column":7},"end":{"line":54,"column":1}}]},"5":{"type":"branch","line":61,"loc":{"start":{"line":61,"column":7},"end":{"line":68,"column":1}},"locations":[{"start":{"line":61,"column":7},"end":{"line":68,"column":1}}]},"6":{"type":"branch","line":65,"loc":{"start":{"line":65,"column":2},"end":{"line":67,"column":3}},"locations":[{"start":{"line":65,"column":2},"end":{"line":67,"column":3}}]},"7":{"type":"branch","line":75,"loc":{"start":{"line":75,"column":7},"end":{"line":82,"column":1}},"locations":[{"start":{"line":75,"column":7},"end":{"line":82,"column":1}}]},"8":{"type":"branch","line":79,"loc":{"start":{"line":79,"column":14},"end":{"line":79,"column":39}},"locations":[{"start":{"line":79,"column":14},"end":{"line":79,"column":39}}]},"9":{"type":"branch","line":88,"loc":{"start":{"line":88,"column":7},"end":{"line":94,"column":1}},"locations":[{"start":{"line":88,"column":7},"end":{"line":94,"column":1}}]},"10":{"type":"branch","line":92,"loc":{"start":{"line":92,"column":14},"end":{"line":92,"column":39}},"locations":[{"start":{"line":92,"column":14},"end":{"line":92,"column":39}}]},"11":{"type":"branch","line":99,"loc":{"start":{"line":99,"column":7},"end":{"line":101,"column":1}},"locations":[{"start":{"line":99,"column":7},"end":{"line":101,"column":1}}]}},"b":{"0":[0],"1":[0],"2":[0],"3":[0],"4":[10],"5":[9],"6":[7],"7":[5],"8":[0],"9":[3],"10":[0],"11":[3]},"fnMap":{"0":{"name":"generateToken","decl":{"start":{"line":48,"column":7},"end":{"line":54,"column":1}},"loc":{"start":{"line":48,"column":7},"end":{"line":54,"column":1}},"line":48},"1":{"name":"verifyToken","decl":{"start":{"line":61,"column":7},"end":{"line":68,"column":1}},"loc":{"start":{"line":61,"column":7},"end":{"line":68,"column":1}},"line":61},"2":{"name":"createTokenCookie","decl":{"start":{"line":75,"column":7},"end":{"line":82,"column":1}},"loc":{"start":{"line":75,"column":7},"end":{"line":82,"column":1}},"line":75},"3":{"name":"clearTokenCookie","decl":{"start":{"line":88,"column":7},"end":{"line":94,"column":1}},"loc":{"start":{"line":88,"column":7},"end":{"line":94,"column":1}},"line":88},"4":{"name":"getTokenCookieName","decl":{"start":{"line":99,"column":7},"end":{"line":101,"column":1}},"loc":{"start":{"line":99,"column":7},"end":{"line":101,"column":1}},"line":99}},"f":{"0":10,"1":9,"2":5,"3":3,"4":3}}
,"/Users/MyLord/code/Kevin-Timsiline/backend/src/utils/password.ts": {"path":"/Users/MyLord/code/Kevin-Timsiline/backend/src/utils/password.ts","all":false,"statementMap":{"0":{"start":{"line":1,"column":0},"end":{"line":1,"column":30}},"2":{"start":{"line":3,"column":0},"end":{"line":3,"column":23}},"9":{"start":{"line":10,"column":0},"end":{"line":10,"column":71}},"10":{"start":{"line":11,"column":0},"end":{"line":11,"column":44}},"11":{"start":{"line":12,"column":0},"end":{"line":12,"column":1}},"19":{"start":{"line":20,"column":0},"end":{"line":20,"column":37}},"20":{"start":{"line":21,"column":0},"end":{"line":21,"column":19}},"21":{"start":{"line":22,"column":0},"end":{"line":22,"column":24}},"22":{"start":{"line":23,"column":0},"end":{"line":23,"column":21}},"23":{"start":{"line":24,"column":0},"end":{"line":24,"column":50}},"24":{"start":{"line":25,"column":0},"end":{"line":25,"column":1}},"36":{"start":{"line":37,"column":0},"end":{"line":37,"column":61}},"39":{"start":{"line":40,"column":0},"end":{"line":40,"column":3}},"40":{"start":{"line":41,"column":0},"end":{"line":41,"column":41}},"41":{"start":{"line":42,"column":0},"end":{"line":42,"column":12}},"42":{"start":{"line":43,"column":0},"end":{"line":43,"column":21}},"43":{"start":{"line":44,"column":0},"end":{"line":44,"column":59}},"44":{"start":{"line":45,"column":0},"end":{"line":45,"column":6}},"45":{"start":{"line":46,"column":0},"end":{"line":46,"column":3}},"47":{"start":{"line":48,"column":0},"end":{"line":48,"column":32}},"48":{"start":{"line":49,"column":0},"end":{"line":49,"column":12}},"49":{"start":{"line":50,"column":0},"end":{"line":50,"column":21}},"50":{"start":{"line":51,"column":0},"end":{"line":51,"column":67}},"51":{"start":{"line":52,"column":0},"end":{"line":52,"column":6}},"52":{"start":{"line":53,"column":0},"end":{"line":53,"column":3}},"54":{"start":{"line":55,"column":0},"end":{"line":55,"column":32}},"55":{"start":{"line":56,"column":0},"end":{"line":56,"column":12}},"56":{"start":{"line":57,"column":0},"end":{"line":57,"column":21}},"57":{"start":{"line":58,"column":0},"end":{"line":58,"column":57}},"58":{"start":{"line":59,"column":0},"end":{"line":59,"column":6}},"59":{"start":{"line":60,"column":0},"end":{"line":60,"column":3}},"61":{"start":{"line":62,"column":0},"end":{"line":62,"column":64}},"62":{"start":{"line":63,"column":0},"end":{"line":63,"column":12}},"63":{"start":{"line":64,"column":0},"end":{"line":64,"column":21}},"64":{"start":{"line":65,"column":0},"end":{"line":65,"column":68}},"65":{"start":{"line":66,"column":0},"end":{"line":66,"column":6}},"66":{"start":{"line":67,"column":0},"end":{"line":67,"column":3}},"68":{"start":{"line":69,"column":0},"end":{"line":69,"column":27}},"69":{"start":{"line":70,"column":0},"end":{"line":70,"column":1}}},"s":{"0":1,"2":1,"9":9,"10":9,"11":9,"19":5,"20":5,"21":5,"22":5,"23":5,"24":5,"36":1,"39":47,"40":47,"41":4,"42":4,"43":4,"44":4,"45":4,"47":47,"48":2,"49":2,"50":2,"51":2,"52":2,"54":47,"55":2,"56":2,"57":2,"58":2,"59":2,"61":47,"62":2,"63":2,"64":2,"65":2,"66":2,"68":37,"69":37},"branchMap":{"0":{"type":"branch","line":10,"loc":{"start":{"line":10,"column":0},"end":{"line":12,"column":1}},"locations":[{"start":{"line":10,"column":0},"end":{"line":12,"column":1}}]},"1":{"type":"branch","line":20,"loc":{"start":{"line":20,"column":0},"end":{"line":25,"column":1}},"locations":[{"start":{"line":20,"column":0},"end":{"line":25,"column":1}}]},"2":{"type":"branch","line":37,"loc":{"start":{"line":37,"column":7},"end":{"line":70,"column":1}},"locations":[{"start":{"line":37,"column":7},"end":{"line":70,"column":1}}]},"3":{"type":"branch","line":41,"loc":{"start":{"line":41,"column":7},"end":{"line":41,"column":40}},"locations":[{"start":{"line":41,"column":7},"end":{"line":41,"column":40}}]},"4":{"type":"branch","line":41,"loc":{"start":{"line":41,"column":40},"end":{"line":46,"column":3}},"locations":[{"start":{"line":41,"column":40},"end":{"line":46,"column":3}}]},"5":{"type":"branch","line":46,"loc":{"start":{"line":46,"column":2},"end":{"line":48,"column":31}},"locations":[{"start":{"line":46,"column":2},"end":{"line":48,"column":31}}]},"6":{"type":"branch","line":48,"loc":{"start":{"line":48,"column":31},"end":{"line":53,"column":3}},"locations":[{"start":{"line":48,"column":31},"end":{"line":53,"column":3}}]},"7":{"type":"branch","line":53,"loc":{"start":{"line":53,"column":2},"end":{"line":55,"column":31}},"locations":[{"start":{"line":53,"column":2},"end":{"line":55,"column":31}}]},"8":{"type":"branch","line":55,"loc":{"start":{"line":55,"column":31},"end":{"line":60,"column":3}},"locations":[{"start":{"line":55,"column":31},"end":{"line":60,"column":3}}]},"9":{"type":"branch","line":60,"loc":{"start":{"line":60,"column":2},"end":{"line":62,"column":63}},"locations":[{"start":{"line":60,"column":2},"end":{"line":62,"column":63}}]},"10":{"type":"branch","line":62,"loc":{"start":{"line":62,"column":63},"end":{"line":67,"column":3}},"locations":[{"start":{"line":62,"column":63},"end":{"line":67,"column":3}}]},"11":{"type":"branch","line":67,"loc":{"start":{"line":67,"column":2},"end":{"line":70,"column":1}},"locations":[{"start":{"line":67,"column":2},"end":{"line":70,"column":1}}]}},"b":{"0":[9],"1":[5],"2":[47],"3":[46],"4":[4],"5":[43],"6":[2],"7":[41],"8":[2],"9":[39],"10":[2],"11":[37]},"fnMap":{"0":{"name":"hashPassword","decl":{"start":{"line":10,"column":0},"end":{"line":12,"column":1}},"loc":{"start":{"line":10,"column":0},"end":{"line":12,"column":1}},"line":10},"1":{"name":"verifyPassword","decl":{"start":{"line":20,"column":0},"end":{"line":25,"column":1}},"loc":{"start":{"line":20,"column":0},"end":{"line":25,"column":1}},"line":20},"2":{"name":"validatePasswordStrength","decl":{"start":{"line":37,"column":7},"end":{"line":70,"column":1}},"loc":{"start":{"line":37,"column":7},"end":{"line":70,"column":1}},"line":37}},"f":{"0":9,"1":5,"2":47}}
}
